[2025-12-12T14:37:21.426Z INFO  debug_tip_state] === Debug: SafeReposition + CheckTipState ===
[2025-12-12T14:37:21.427Z INFO  debug_tip_state] Configuration loaded from: "examples\\tip_prep_no_stability.toml"
[2025-12-12T14:37:21.427Z INFO  debug_tip_state] Nanonis host: 127.0.0.1:6501
[2025-12-12T14:37:21.427Z INFO  debug_tip_state] Using custom TCP channel mapping from config with 1 entries
[2025-12-12T14:37:21.440Z INFO  rusty_tip::action_driver] TCP stream connected, buffer capacity: 10000 frames
[2025-12-12T14:37:21.441Z INFO  rusty_tip::action_driver] Stopping TCP logger to ensure clean state
[2025-12-12T14:37:21.441Z INFO  rusty_tip::buffered_tcp_reader] Started buffering thread for TCP logger data
[2025-12-12T14:37:21.643Z INFO  rusty_tip::action_driver] TCP logger started, data collection active
[2025-12-12T14:37:21.644Z INFO  rusty_tip::action_driver] Using custom TCP channel mapping with 1 entries
[2025-12-12T14:37:21.645Z INFO  debug_tip_state] Connected to Nanonis system
[2025-12-12T14:37:21.645Z INFO  debug_tip_state] Using frequency shift signal index: 76
[2025-12-12T14:37:21.645Z INFO  debug_tip_state] Frequency shift signal maps to TCP channel: 19
[2025-12-12T14:37:21.646Z INFO  debug_tip_state] Sharp tip bounds: -2.00 to 0.00
[2025-12-12T14:37:21.646Z INFO  debug_tip_state] Logging data to: ./debug_logs\tip_state_debug_20251212_143721.csv
[2025-12-12T14:37:21.646Z INFO  debug_tip_state]
    === Iteration 1 ===
[2025-12-12T14:37:21.647Z INFO  debug_tip_state] Executing SafeReposition...
[2025-12-12T14:37:27.476Z INFO  debug_tip_state] Waiting 1s for signal to stabilize...
[2025-12-12T14:37:28.476Z INFO  debug_tip_state] Checking tip state...
[2025-12-12T14:37:28.477Z INFO  rusty_tip::action_driver] ReadStableSignal: Signal 76 (Nanonis) -> TCP channel 19 -> Array position 19
[2025-12-12T14:37:28.477Z INFO  rusty_tip::action_driver] ReadStableSignal: Full TCP channel list: [0, 1, 2, 3, 4, 5, 6, 7, 8, 9, 10, 11, 12, 13, 14, 15, 16, 17, 18, 19, 20, 21, 22, 23]
[2025-12-12T14:37:28.477Z INFO  rusty_tip::action_driver] Collecting 1000 new data points for signal channel 19 with timeout 15.0s
[2025-12-12T14:37:28.833Z INFO  rusty_tip::action_driver] Collecting 1000 new data points for signal channel 19 with timeout 15.0s
[2025-12-12T14:37:29.290Z INFO  rusty_tip::action_driver] Collecting 1000 new data points for signal channel 19 with timeout 15.0s
[2025-12-12T14:37:29.895Z INFO  rusty_tip::action_driver] Collecting 1000 new data points for signal channel 19 with timeout 15.0s
[2025-12-12T14:37:30.150Z WARN  rusty_tip::action_driver] Signal not stable after 4 attempts, returning raw data
[2025-12-12T14:37:30.150Z WARN  rusty_tip::action_driver] CheckTipState: ReadStableSignal failed but returned 1000 raw values, using minimum as fallback
[2025-12-12T14:37:30.150Z INFO  rusty_tip::action_driver] CheckTipState result: shape=Blunt, confidence=0.686, read_method=fallback_minimum, dataset_size=1000, measured_signals=[signal_76=-2.914235e0], recent_stable_data=false
[2025-12-12T14:37:30.151Z INFO  debug_tip_state] Result: shape=Blunt, confidence=0.686, value=-2.914235
[2025-12-12T14:37:30.151Z INFO  debug_tip_state] Statistics: mean=0.000000, std_dev=0.000000, dataset_size=0
[2025-12-12T14:37:30.151Z INFO  debug_tip_state] Raw data sample: N/A
[2025-12-12T14:37:30.151Z INFO  debug_tip_state] Full metadata:
[2025-12-12T14:37:30.151Z INFO  debug_tip_state]   margin_violation: 9.142349e-1
[2025-12-12T14:37:30.152Z INFO  debug_tip_state]   measured_value: -2.914235e0
[2025-12-12T14:37:30.152Z INFO  debug_tip_state]   bounds_lower: -2.000000e0
[2025-12-12T14:37:30.152Z INFO  debug_tip_state]   tcp_uptime_ms: 8710
[2025-12-12T14:37:30.154Z INFO  debug_tip_state]   bounds_center: -1.000000e0
[2025-12-12T14:37:30.155Z INFO  debug_tip_state]   tcp_buffer_frames: 10000
[2025-12-12T14:37:30.156Z INFO  debug_tip_state]   distance_from_center: 1.914235e0
[2025-12-12T14:37:30.156Z INFO  debug_tip_state]   within_bounds: false
[2025-12-12T14:37:30.156Z INFO  debug_tip_state]   tcp_buffer_utilization: 1.00
[2025-12-12T14:37:30.156Z INFO  debug_tip_state]   signal_index: 76
[2025-12-12T14:37:30.157Z INFO  debug_tip_state]   violation_direction: below_lower_bound
[2025-12-12T14:37:30.157Z INFO  debug_tip_state]   method: signal_bounds
[2025-12-12T14:37:30.157Z INFO  debug_tip_state]   relative_distance: 1.914
[2025-12-12T14:37:30.158Z INFO  debug_tip_state]   tcp_data_timespan_ms: 4977
[2025-12-12T14:37:30.158Z INFO  debug_tip_state]   bounds_width: 2.000000e0
[2025-12-12T14:37:30.158Z INFO  debug_tip_state]   bounds_upper: 0.000000e0
[2025-12-12T14:37:30.159Z INFO  debug_tip_state]   raw_dataset_summary: [-1.161e0,-6.020e-1,-1.230e0,-1.550e0,-1.014e0,...,-2.031e0,-2.713e0,-2.475e0,-1.492e0,-1.215e-1]
[2025-12-12T14:37:30.159Z INFO  debug_tip_state]   dataset_size: 1000
[2025-12-12T14:37:30.159Z INFO  debug_tip_state]   read_method: fallback_minimum
[2025-12-12T14:37:30.159Z INFO  debug_tip_state]   execution_timestamp: 2025-12-12T14:37:30.150712500+00:00
[2025-12-12T14:37:30.660Z INFO  debug_tip_state]
    === Iteration 2 ===
[2025-12-12T14:37:30.660Z INFO  debug_tip_state] Executing SafeReposition...
[2025-12-12T14:37:34.615Z INFO  debug_tip_state] Waiting 1s for signal to stabilize...
[2025-12-12T14:37:35.615Z INFO  debug_tip_state] Checking tip state...
[2025-12-12T14:37:35.616Z INFO  rusty_tip::action_driver] ReadStableSignal: Signal 76 (Nanonis) -> TCP channel 19 -> Array position 19
[2025-12-12T14:37:35.616Z INFO  rusty_tip::action_driver] ReadStableSignal: Full TCP channel list: [0, 1, 2, 3, 4, 5, 6, 7, 8, 9, 10, 11, 12, 13, 14, 15, 16, 17, 18, 19, 20, 21, 22, 23]
[2025-12-12T14:37:35.616Z INFO  rusty_tip::action_driver] Collecting 1000 new data points for signal channel 19 with timeout 15.0s
[2025-12-12T14:37:35.921Z INFO  rusty_tip::action_driver] Collecting 1000 new data points for signal channel 19 with timeout 15.0s
[2025-12-12T14:37:36.326Z INFO  rusty_tip::action_driver] Collecting 1000 new data points for signal channel 19 with timeout 15.0s
[2025-12-12T14:37:36.931Z INFO  rusty_tip::action_driver] Collecting 1000 new data points for signal channel 19 with timeout 15.0s
[2025-12-12T14:37:37.186Z WARN  rusty_tip::action_driver] Signal not stable after 4 attempts, returning raw data
[2025-12-12T14:37:37.186Z WARN  rusty_tip::action_driver] CheckTipState: ReadStableSignal failed but returned 1000 raw values, using minimum as fallback
[2025-12-12T14:37:37.186Z INFO  rusty_tip::action_driver] CheckTipState result: shape=Blunt, confidence=0.611, read_method=fallback_minimum, dataset_size=1000, measured_signals=[signal_76=-3.274090e0], recent_stable_data=false
[2025-12-12T14:37:37.187Z INFO  debug_tip_state] Result: shape=Blunt, confidence=0.611, value=-3.274090
[2025-12-12T14:37:37.187Z INFO  debug_tip_state] Statistics: mean=0.000000, std_dev=0.000000, dataset_size=0
[2025-12-12T14:37:37.187Z INFO  debug_tip_state] Raw data sample: N/A
[2025-12-12T14:37:37.188Z INFO  debug_tip_state] Full metadata:
[2025-12-12T14:37:37.188Z INFO  debug_tip_state]   margin_violation: 1.274090e0
[2025-12-12T14:37:37.188Z INFO  debug_tip_state]   bounds_center: -1.000000e0
[2025-12-12T14:37:37.188Z INFO  debug_tip_state]   signal_index: 76
[2025-12-12T14:37:37.189Z INFO  debug_tip_state]   bounds_upper: 0.000000e0
[2025-12-12T14:37:37.189Z INFO  debug_tip_state]   bounds_width: 2.000000e0
[2025-12-12T14:37:37.189Z INFO  debug_tip_state]   within_bounds: false
[2025-12-12T14:37:37.190Z INFO  debug_tip_state]   tcp_buffer_utilization: 1.00
[2025-12-12T14:37:37.190Z INFO  debug_tip_state]   execution_timestamp: 2025-12-12T14:37:37.186624+00:00
[2025-12-12T14:37:37.190Z INFO  debug_tip_state]   bounds_lower: -2.000000e0
[2025-12-12T14:37:37.190Z INFO  debug_tip_state]   raw_dataset_summary: [-2.375e0,-7.585e-1,-1.645e-1,-1.714e0,-1.816e0,...,-1.141e0,-7.454e-1,-1.560e0,-1.982e0,-2.201e0]
[2025-12-12T14:37:37.191Z INFO  debug_tip_state]   measured_value: -3.274090e0
[2025-12-12T14:37:37.191Z INFO  debug_tip_state]   distance_from_center: 2.274090e0
[2025-12-12T14:37:37.192Z INFO  debug_tip_state]   method: signal_bounds
[2025-12-12T14:37:37.192Z INFO  debug_tip_state]   read_method: fallback_minimum
[2025-12-12T14:37:37.193Z INFO  debug_tip_state]   dataset_size: 1000
[2025-12-12T14:37:37.194Z INFO  debug_tip_state]   tcp_data_timespan_ms: 4977
[2025-12-12T14:37:37.195Z INFO  debug_tip_state]   violation_direction: below_lower_bound
[2025-12-12T14:37:37.195Z INFO  debug_tip_state]   tcp_buffer_frames: 10000
[2025-12-12T14:37:37.195Z INFO  debug_tip_state]   tcp_uptime_ms: 15746
[2025-12-12T14:37:37.196Z INFO  debug_tip_state]   relative_distance: 2.274
[2025-12-12T14:37:37.696Z INFO  debug_tip_state]
    === Iteration 3 ===
[2025-12-12T14:37:37.697Z INFO  debug_tip_state] Executing SafeReposition...
[2025-12-12T14:37:43.843Z INFO  debug_tip_state] Waiting 1s for signal to stabilize...
[2025-12-12T14:37:44.843Z INFO  debug_tip_state] Checking tip state...
[2025-12-12T14:37:44.843Z INFO  rusty_tip::action_driver] ReadStableSignal: Signal 76 (Nanonis) -> TCP channel 19 -> Array position 19
[2025-12-12T14:37:44.844Z INFO  rusty_tip::action_driver] ReadStableSignal: Full TCP channel list: [0, 1, 2, 3, 4, 5, 6, 7, 8, 9, 10, 11, 12, 13, 14, 15, 16, 17, 18, 19, 20, 21, 22, 23]
[2025-12-12T14:37:44.844Z INFO  rusty_tip::action_driver] Collecting 1000 new data points for signal channel 19 with timeout 15.0s
[2025-12-12T14:37:45.149Z INFO  rusty_tip::action_driver] Collecting 1000 new data points for signal channel 19 with timeout 15.0s
[2025-12-12T14:37:45.605Z INFO  rusty_tip::action_driver] Collecting 1000 new data points for signal channel 19 with timeout 15.0s
[2025-12-12T14:37:46.209Z INFO  rusty_tip::action_driver] Collecting 1000 new data points for signal channel 19 with timeout 15.0s
[2025-12-12T14:37:46.464Z WARN  rusty_tip::action_driver] Signal not stable after 4 attempts, returning raw data
[2025-12-12T14:37:46.465Z WARN  rusty_tip::action_driver] CheckTipState: ReadStableSignal failed but returned 1000 raw values, using minimum as fallback
[2025-12-12T14:37:46.465Z INFO  rusty_tip::action_driver] CheckTipState result: shape=Blunt, confidence=0.672, read_method=fallback_minimum, dataset_size=1000, measured_signals=[signal_76=-2.975433e0], recent_stable_data=false
[2025-12-12T14:37:46.467Z INFO  debug_tip_state] Result: shape=Blunt, confidence=0.672, value=-2.975433
[2025-12-12T14:37:46.467Z INFO  debug_tip_state] Statistics: mean=0.000000, std_dev=0.000000, dataset_size=0
[2025-12-12T14:37:46.467Z INFO  debug_tip_state] Raw data sample: N/A
[2025-12-12T14:37:46.469Z INFO  debug_tip_state] Full metadata:
[2025-12-12T14:37:46.469Z INFO  debug_tip_state]   raw_dataset_summary: [-2.016e0,-4.318e-1,-3.956e-1,-3.838e-1,-1.783e0,...,-8.824e-1,-1.235e0,-2.220e0,-1.809e0,-9.578e-1]
[2025-12-12T14:37:46.470Z INFO  debug_tip_state]   dataset_size: 1000
[2025-12-12T14:37:46.470Z INFO  debug_tip_state]   bounds_center: -1.000000e0
[2025-12-12T14:37:46.470Z INFO  debug_tip_state]   tcp_buffer_frames: 10000
[2025-12-12T14:37:46.470Z INFO  debug_tip_state]   method: signal_bounds
[2025-12-12T14:37:46.471Z INFO  debug_tip_state]   within_bounds: false
[2025-12-12T14:37:46.471Z INFO  debug_tip_state]   tcp_buffer_utilization: 1.00
[2025-12-12T14:37:46.471Z INFO  debug_tip_state]   measured_value: -2.975433e0
[2025-12-12T14:37:46.471Z INFO  debug_tip_state]   tcp_uptime_ms: 25025
[2025-12-12T14:37:46.472Z INFO  debug_tip_state]   bounds_lower: -2.000000e0
[2025-12-12T14:37:46.472Z INFO  debug_tip_state]   bounds_upper: 0.000000e0
[2025-12-12T14:37:46.472Z INFO  debug_tip_state]   margin_violation: 9.754331e-1
[2025-12-12T14:37:46.473Z INFO  debug_tip_state]   distance_from_center: 1.975433e0
[2025-12-12T14:37:46.473Z INFO  debug_tip_state]   relative_distance: 1.975
[2025-12-12T14:37:46.473Z INFO  debug_tip_state]   tcp_data_timespan_ms: 4977
[2025-12-12T14:37:46.474Z INFO  debug_tip_state]   signal_index: 76
[2025-12-12T14:37:46.475Z INFO  debug_tip_state]   bounds_width: 2.000000e0
[2025-12-12T14:37:46.475Z INFO  debug_tip_state]   execution_timestamp: 2025-12-12T14:37:46.465929+00:00
[2025-12-12T14:37:46.475Z INFO  debug_tip_state]   read_method: fallback_minimum
[2025-12-12T14:37:46.475Z INFO  debug_tip_state]   violation_direction: below_lower_bound
[2025-12-12T14:37:46.976Z INFO  debug_tip_state]
    === Iteration 4 ===
[2025-12-12T14:37:46.976Z INFO  debug_tip_state] Executing SafeReposition...
[2025-12-12T14:37:52.400Z INFO  debug_tip_state] Waiting 1s for signal to stabilize...
[2025-12-12T14:37:53.401Z INFO  debug_tip_state] Checking tip state...
[2025-12-12T14:37:53.402Z INFO  rusty_tip::action_driver] ReadStableSignal: Signal 76 (Nanonis) -> TCP channel 19 -> Array position 19
[2025-12-12T14:37:53.402Z INFO  rusty_tip::action_driver] ReadStableSignal: Full TCP channel list: [0, 1, 2, 3, 4, 5, 6, 7, 8, 9, 10, 11, 12, 13, 14, 15, 16, 17, 18, 19, 20, 21, 22, 23]
[2025-12-12T14:37:53.403Z INFO  rusty_tip::action_driver] Collecting 1000 new data points for signal channel 19 with timeout 15.0s
[2025-12-12T14:37:53.708Z INFO  rusty_tip::action_driver] Collecting 1000 new data points for signal channel 19 with timeout 15.0s
[2025-12-12T14:37:54.166Z INFO  rusty_tip::action_driver] Collecting 1000 new data points for signal channel 19 with timeout 15.0s
[2025-12-12T14:37:54.772Z INFO  rusty_tip::action_driver] Collecting 1000 new data points for signal channel 19 with timeout 15.0s
[2025-12-12T14:37:55.029Z WARN  rusty_tip::action_driver] Signal not stable after 4 attempts, returning raw data
[2025-12-12T14:37:55.029Z WARN  rusty_tip::action_driver] CheckTipState: ReadStableSignal failed but returned 1000 raw values, using minimum as fallback
[2025-12-12T14:37:55.030Z INFO  rusty_tip::action_driver] CheckTipState result: shape=Blunt, confidence=0.604, read_method=fallback_minimum, dataset_size=1000, measured_signals=[signal_76=-3.313285e0], recent_stable_data=false
[2025-12-12T14:37:55.031Z INFO  debug_tip_state] Result: shape=Blunt, confidence=0.604, value=-3.313285
[2025-12-12T14:37:55.031Z INFO  debug_tip_state] Statistics: mean=0.000000, std_dev=0.000000, dataset_size=0
[2025-12-12T14:37:55.032Z INFO  debug_tip_state] Raw data sample: N/A
[2025-12-12T14:37:55.035Z INFO  debug_tip_state] Full metadata:
[2025-12-12T14:37:55.087Z INFO  debug_tip_state]   tcp_buffer_utilization: 1.00
[2025-12-12T14:37:55.087Z INFO  debug_tip_state]   bounds_center: -1.000000e0
[2025-12-12T14:37:55.088Z INFO  debug_tip_state]   tcp_uptime_ms: 33590
[2025-12-12T14:37:55.088Z INFO  debug_tip_state]   execution_timestamp: 2025-12-12T14:37:55.030560600+00:00
[2025-12-12T14:37:55.088Z INFO  debug_tip_state]   distance_from_center: 2.313285e0
[2025-12-12T14:37:55.088Z INFO  debug_tip_state]   raw_dataset_summary: [-2.622e0,-2.652e0,-1.688e0,-4.334e-1,-2.199e-1,...,-2.615e0,-1.399e0,-2.612e-2,-1.263e0,-1.959e0]
[2025-12-12T14:37:55.089Z INFO  debug_tip_state]   method: signal_bounds
[2025-12-12T14:37:55.089Z INFO  debug_tip_state]   signal_index: 76
[2025-12-12T14:37:55.089Z INFO  debug_tip_state]   bounds_upper: 0.000000e0
[2025-12-12T14:37:55.089Z INFO  debug_tip_state]   measured_value: -3.313285e0
[2025-12-12T14:37:55.089Z INFO  debug_tip_state]   margin_violation: 1.313285e0
[2025-12-12T14:37:55.090Z INFO  debug_tip_state]   violation_direction: below_lower_bound
[2025-12-12T14:37:55.090Z INFO  debug_tip_state]   tcp_data_timespan_ms: 4977
[2025-12-12T14:37:55.091Z INFO  debug_tip_state]   bounds_lower: -2.000000e0
[2025-12-12T14:37:55.091Z INFO  debug_tip_state]   within_bounds: false
[2025-12-12T14:37:55.091Z INFO  debug_tip_state]   bounds_width: 2.000000e0
[2025-12-12T14:37:55.091Z INFO  debug_tip_state]   read_method: fallback_minimum
[2025-12-12T14:37:55.091Z INFO  debug_tip_state]   dataset_size: 1000
[2025-12-12T14:37:55.091Z INFO  debug_tip_state]   relative_distance: 2.313
[2025-12-12T14:37:55.092Z INFO  debug_tip_state]   tcp_buffer_frames: 10000
[2025-12-12T14:37:55.592Z INFO  debug_tip_state]
    === Iteration 5 ===
[2025-12-12T14:37:55.593Z INFO  debug_tip_state] Executing SafeReposition...
[2025-12-12T14:37:59.232Z INFO  debug_tip_state] Waiting 1s for signal to stabilize...
[2025-12-12T14:38:00.233Z INFO  debug_tip_state] Checking tip state...
[2025-12-12T14:38:00.233Z INFO  rusty_tip::action_driver] ReadStableSignal: Signal 76 (Nanonis) -> TCP channel 19 -> Array position 19
[2025-12-12T14:38:00.235Z INFO  rusty_tip::action_driver] ReadStableSignal: Full TCP channel list: [0, 1, 2, 3, 4, 5, 6, 7, 8, 9, 10, 11, 12, 13, 14, 15, 16, 17, 18, 19, 20, 21, 22, 23]
[2025-12-12T14:38:00.235Z INFO  rusty_tip::action_driver] Collecting 1000 new data points for signal channel 19 with timeout 15.0s
[2025-12-12T14:38:00.540Z INFO  rusty_tip::action_driver] Collecting 1000 new data points for signal channel 19 with timeout 15.0s
[2025-12-12T14:38:00.944Z INFO  rusty_tip::action_driver] Collecting 1000 new data points for signal channel 19 with timeout 15.0s
[2025-12-12T14:38:01.551Z INFO  rusty_tip::action_driver] Collecting 1000 new data points for signal channel 19 with timeout 15.0s
[2025-12-12T14:38:01.756Z WARN  rusty_tip::action_driver] Signal not stable after 4 attempts, returning raw data
[2025-12-12T14:38:01.756Z WARN  rusty_tip::action_driver] CheckTipState: ReadStableSignal failed but returned 1000 raw values, using minimum as fallback
[2025-12-12T14:38:01.757Z INFO  rusty_tip::action_driver] CheckTipState result: shape=Blunt, confidence=0.577, read_method=fallback_minimum, dataset_size=1000, measured_signals=[signal_76=-3.464525e0], recent_stable_data=false
[2025-12-12T14:38:01.757Z INFO  debug_tip_state] Result: shape=Blunt, confidence=0.577, value=-3.464525
[2025-12-12T14:38:01.757Z INFO  debug_tip_state] Statistics: mean=0.000000, std_dev=0.000000, dataset_size=0
[2025-12-12T14:38:01.758Z INFO  debug_tip_state] Raw data sample: N/A
[2025-12-12T14:38:01.758Z INFO  debug_tip_state] Full metadata:
[2025-12-12T14:38:01.758Z INFO  debug_tip_state]   bounds_lower: -2.000000e0
[2025-12-12T14:38:01.758Z INFO  debug_tip_state]   read_method: fallback_minimum
[2025-12-12T14:38:01.758Z INFO  debug_tip_state]   bounds_width: 2.000000e0
[2025-12-12T14:38:01.759Z INFO  debug_tip_state]   within_bounds: false
[2025-12-12T14:38:01.759Z INFO  debug_tip_state]   violation_direction: below_lower_bound
[2025-12-12T14:38:01.759Z INFO  debug_tip_state]   tcp_uptime_ms: 40316
[2025-12-12T14:38:01.759Z INFO  debug_tip_state]   tcp_buffer_utilization: 1.00
[2025-12-12T14:38:01.760Z INFO  debug_tip_state]   dataset_size: 1000
[2025-12-12T14:38:01.760Z INFO  debug_tip_state]   distance_from_center: 2.464525e0
[2025-12-12T14:38:01.760Z INFO  debug_tip_state]   tcp_buffer_frames: 10000
[2025-12-12T14:38:01.760Z INFO  debug_tip_state]   relative_distance: 2.465
[2025-12-12T14:38:01.761Z INFO  debug_tip_state]   tcp_data_timespan_ms: 4976
[2025-12-12T14:38:01.761Z INFO  debug_tip_state]   signal_index: 76
[2025-12-12T14:38:01.761Z INFO  debug_tip_state]   bounds_upper: 0.000000e0
[2025-12-12T14:38:01.762Z INFO  debug_tip_state]   bounds_center: -1.000000e0
[2025-12-12T14:38:01.762Z INFO  debug_tip_state]   raw_dataset_summary: [-1.574e0,-1.382e0,-7.470e-1,-9.234e-1,-2.003e0,...,-2.171e0,-1.888e0,-1.239e0,-1.129e0,-2.115e0]
[2025-12-12T14:38:01.762Z INFO  debug_tip_state]   margin_violation: 1.464525e0
[2025-12-12T14:38:01.762Z INFO  debug_tip_state]   execution_timestamp: 2025-12-12T14:38:01.757114900+00:00
[2025-12-12T14:38:01.763Z INFO  debug_tip_state]   measured_value: -3.464525e0
[2025-12-12T14:38:01.763Z INFO  debug_tip_state]   method: signal_bounds
[2025-12-12T14:38:02.268Z INFO  debug_tip_state]
    === Iteration 6 ===
[2025-12-12T14:38:02.268Z INFO  debug_tip_state] Executing SafeReposition...
[2025-12-12T14:38:08.335Z INFO  debug_tip_state] Waiting 1s for signal to stabilize...
[2025-12-12T14:38:09.338Z INFO  debug_tip_state] Checking tip state...
[2025-12-12T14:38:09.338Z INFO  rusty_tip::action_driver] ReadStableSignal: Signal 76 (Nanonis) -> TCP channel 19 -> Array position 19
[2025-12-12T14:38:09.339Z INFO  rusty_tip::action_driver] ReadStableSignal: Full TCP channel list: [0, 1, 2, 3, 4, 5, 6, 7, 8, 9, 10, 11, 12, 13, 14, 15, 16, 17, 18, 19, 20, 21, 22, 23]
[2025-12-12T14:38:09.339Z INFO  rusty_tip::action_driver] Collecting 1000 new data points for signal channel 19 with timeout 15.0s
[2025-12-12T14:38:09.643Z INFO  rusty_tip::action_driver] Collecting 1000 new data points for signal channel 19 with timeout 15.0s
[2025-12-12T14:38:10.048Z INFO  rusty_tip::action_driver] Collecting 1000 new data points for signal channel 19 with timeout 15.0s
[2025-12-12T14:38:10.716Z INFO  rusty_tip::action_driver] Collecting 1000 new data points for signal channel 19 with timeout 15.0s
[2025-12-12T14:38:10.920Z WARN  rusty_tip::action_driver] Signal not stable after 4 attempts, returning raw data
[2025-12-12T14:38:10.923Z WARN  rusty_tip::action_driver] CheckTipState: ReadStableSignal failed but returned 1000 raw values, using minimum as fallback
[2025-12-12T14:38:10.924Z INFO  rusty_tip::action_driver] CheckTipState result: shape=Blunt, confidence=0.685, read_method=fallback_minimum, dataset_size=1000, measured_signals=[signal_76=-2.921580e0], recent_stable_data=false
[2025-12-12T14:38:10.924Z INFO  debug_tip_state] Result: shape=Blunt, confidence=0.685, value=-2.921580
[2025-12-12T14:38:10.924Z INFO  debug_tip_state] Statistics: mean=0.000000, std_dev=0.000000, dataset_size=0
[2025-12-12T14:38:10.925Z INFO  debug_tip_state] Raw data sample: N/A
[2025-12-12T14:38:10.925Z INFO  debug_tip_state] Full metadata:
[2025-12-12T14:38:10.925Z INFO  debug_tip_state]   within_bounds: false
[2025-12-12T14:38:10.925Z INFO  debug_tip_state]   tcp_data_timespan_ms: 4977
[2025-12-12T14:38:10.926Z INFO  debug_tip_state]   tcp_buffer_utilization: 1.00
[2025-12-12T14:38:10.926Z INFO  debug_tip_state]   tcp_buffer_frames: 10000
[2025-12-12T14:38:10.926Z INFO  debug_tip_state]   bounds_center: -1.000000e0
[2025-12-12T14:38:10.926Z INFO  debug_tip_state]   method: signal_bounds
[2025-12-12T14:38:10.927Z INFO  debug_tip_state]   violation_direction: below_lower_bound
[2025-12-12T14:38:10.927Z INFO  debug_tip_state]   tcp_uptime_ms: 49483
[2025-12-12T14:38:10.927Z INFO  debug_tip_state]   signal_index: 76
[2025-12-12T14:38:10.928Z INFO  debug_tip_state]   measured_value: -2.921580e0
[2025-12-12T14:38:10.928Z INFO  debug_tip_state]   bounds_upper: 0.000000e0
[2025-12-12T14:38:10.928Z INFO  debug_tip_state]   bounds_width: 2.000000e0
[2025-12-12T14:38:10.928Z INFO  debug_tip_state]   bounds_lower: -2.000000e0
[2025-12-12T14:38:10.929Z INFO  debug_tip_state]   execution_timestamp: 2025-12-12T14:38:10.924022300+00:00
[2025-12-12T14:38:10.929Z INFO  debug_tip_state]   distance_from_center: 1.921580e0
[2025-12-12T14:38:10.929Z INFO  debug_tip_state]   relative_distance: 1.922
[2025-12-12T14:38:10.929Z INFO  debug_tip_state]   dataset_size: 1000
[2025-12-12T14:38:10.930Z INFO  debug_tip_state]   read_method: fallback_minimum
[2025-12-12T14:38:10.930Z INFO  debug_tip_state]   margin_violation: 9.215801e-1
[2025-12-12T14:38:10.930Z INFO  debug_tip_state]   raw_dataset_summary: [-1.331e0,-2.561e0,-2.010e0,-2.120e0,-8.067e-1,...,-1.977e0,-1.041e0,-9.230e-1,-1.964e0,-2.111e0]
[2025-12-12T14:38:11.431Z INFO  debug_tip_state]
    === Iteration 7 ===
[2025-12-12T14:38:11.432Z INFO  debug_tip_state] Executing SafeReposition...
[2025-12-12T14:38:15.864Z INFO  debug_tip_state] Waiting 1s for signal to stabilize...
[2025-12-12T14:38:16.864Z INFO  debug_tip_state] Checking tip state...
[2025-12-12T14:38:16.865Z INFO  rusty_tip::action_driver] ReadStableSignal: Signal 76 (Nanonis) -> TCP channel 19 -> Array position 19
[2025-12-12T14:38:16.865Z INFO  rusty_tip::action_driver] ReadStableSignal: Full TCP channel list: [0, 1, 2, 3, 4, 5, 6, 7, 8, 9, 10, 11, 12, 13, 14, 15, 16, 17, 18, 19, 20, 21, 22, 23]
[2025-12-12T14:38:16.865Z INFO  rusty_tip::action_driver] Collecting 1000 new data points for signal channel 19 with timeout 15.0s
[2025-12-12T14:38:17.170Z INFO  rusty_tip::action_driver] Collecting 1000 new data points for signal channel 19 with timeout 15.0s
[2025-12-12T14:38:17.627Z INFO  rusty_tip::action_driver] Collecting 1000 new data points for signal channel 19 with timeout 15.0s
[2025-12-12T14:38:18.282Z INFO  rusty_tip::action_driver] Collecting 1000 new data points for signal channel 19 with timeout 15.0s
[2025-12-12T14:38:18.486Z WARN  rusty_tip::action_driver] Signal not stable after 4 attempts, returning raw data
[2025-12-12T14:38:18.487Z WARN  rusty_tip::action_driver] CheckTipState: ReadStableSignal failed but returned 1000 raw values, using minimum as fallback
[2025-12-12T14:38:18.488Z INFO  rusty_tip::action_driver] CheckTipState result: shape=Blunt, confidence=0.626, read_method=fallback_minimum, dataset_size=1000, measured_signals=[signal_76=-3.194216e0], recent_stable_data=false
[2025-12-12T14:38:18.538Z INFO  debug_tip_state] Result: shape=Blunt, confidence=0.626, value=-3.194216
[2025-12-12T14:38:18.538Z INFO  debug_tip_state] Statistics: mean=0.000000, std_dev=0.000000, dataset_size=0
[2025-12-12T14:38:18.539Z INFO  debug_tip_state] Raw data sample: N/A
[2025-12-12T14:38:18.539Z INFO  debug_tip_state] Full metadata:
[2025-12-12T14:38:18.539Z INFO  debug_tip_state]   relative_distance: 2.194
[2025-12-12T14:38:18.539Z INFO  debug_tip_state]   bounds_upper: 0.000000e0
[2025-12-12T14:38:18.540Z INFO  debug_tip_state]   bounds_center: -1.000000e0
[2025-12-12T14:38:18.540Z INFO  debug_tip_state]   tcp_uptime_ms: 57048
[2025-12-12T14:38:18.540Z INFO  debug_tip_state]   distance_from_center: 2.194216e0
[2025-12-12T14:38:18.541Z INFO  debug_tip_state]   raw_dataset_summary: [-1.078e0,-7.732e-1,-4.650e-1,-1.109e0,-2.343e0,...,-1.977e0,-2.201e0,-1.507e0,-8.779e-1,-1.800e0]
[2025-12-12T14:38:18.541Z INFO  debug_tip_state]   execution_timestamp: 2025-12-12T14:38:18.488697+00:00
[2025-12-12T14:38:18.541Z INFO  debug_tip_state]   bounds_width: 2.000000e0
[2025-12-12T14:38:18.542Z INFO  debug_tip_state]   within_bounds: false
[2025-12-12T14:38:18.542Z INFO  debug_tip_state]   measured_value: -3.194216e0
[2025-12-12T14:38:18.542Z INFO  debug_tip_state]   method: signal_bounds
[2025-12-12T14:38:18.542Z INFO  debug_tip_state]   margin_violation: 1.194216e0
[2025-12-12T14:38:18.543Z INFO  debug_tip_state]   tcp_buffer_frames: 10000
[2025-12-12T14:38:18.543Z INFO  debug_tip_state]   read_method: fallback_minimum
[2025-12-12T14:38:18.544Z INFO  debug_tip_state]   violation_direction: below_lower_bound
[2025-12-12T14:38:18.545Z INFO  debug_tip_state]   tcp_buffer_utilization: 1.00
[2025-12-12T14:38:18.553Z INFO  debug_tip_state]   tcp_data_timespan_ms: 4976
[2025-12-12T14:38:18.554Z INFO  debug_tip_state]   dataset_size: 1000
[2025-12-12T14:38:18.555Z INFO  debug_tip_state]   signal_index: 76
[2025-12-12T14:38:18.555Z INFO  debug_tip_state]   bounds_lower: -2.000000e0
[2025-12-12T14:38:19.056Z INFO  debug_tip_state]
    === Iteration 8 ===
[2025-12-12T14:38:19.056Z INFO  debug_tip_state] Executing SafeReposition...
[2025-12-12T14:38:24.806Z INFO  debug_tip_state] Waiting 1s for signal to stabilize...
[2025-12-12T14:38:25.806Z INFO  debug_tip_state] Checking tip state...
[2025-12-12T14:38:25.807Z INFO  rusty_tip::action_driver] ReadStableSignal: Signal 76 (Nanonis) -> TCP channel 19 -> Array position 19
[2025-12-12T14:38:25.807Z INFO  rusty_tip::action_driver] ReadStableSignal: Full TCP channel list: [0, 1, 2, 3, 4, 5, 6, 7, 8, 9, 10, 11, 12, 13, 14, 15, 16, 17, 18, 19, 20, 21, 22, 23]
[2025-12-12T14:38:25.807Z INFO  rusty_tip::action_driver] Collecting 1000 new data points for signal channel 19 with timeout 15.0s
[2025-12-12T14:38:26.159Z INFO  rusty_tip::action_driver] Collecting 1000 new data points for signal channel 19 with timeout 15.0s
[2025-12-12T14:38:26.564Z INFO  rusty_tip::action_driver] Collecting 1000 new data points for signal channel 19 with timeout 15.0s
[2025-12-12T14:38:27.169Z INFO  rusty_tip::action_driver] Collecting 1000 new data points for signal channel 19 with timeout 15.0s
[2025-12-12T14:38:27.425Z WARN  rusty_tip::action_driver] Signal not stable after 4 attempts, returning raw data
[2025-12-12T14:38:27.425Z WARN  rusty_tip::action_driver] CheckTipState: ReadStableSignal failed but returned 1000 raw values, using minimum as fallback
[2025-12-12T14:38:27.425Z INFO  rusty_tip::action_driver] CheckTipState result: shape=Blunt, confidence=0.619, read_method=fallback_minimum, dataset_size=1000, measured_signals=[signal_76=-3.229182e0], recent_stable_data=false
[2025-12-12T14:38:27.426Z INFO  debug_tip_state] Result: shape=Blunt, confidence=0.619, value=-3.229182
[2025-12-12T14:38:27.426Z INFO  debug_tip_state] Statistics: mean=0.000000, std_dev=0.000000, dataset_size=0
[2025-12-12T14:38:27.426Z INFO  debug_tip_state] Raw data sample: N/A
[2025-12-12T14:38:27.426Z INFO  debug_tip_state] Full metadata:
[2025-12-12T14:38:27.427Z INFO  debug_tip_state]   tcp_buffer_utilization: 1.00
[2025-12-12T14:38:27.427Z INFO  debug_tip_state]   raw_dataset_summary: [-2.802e0,-1.848e0,-1.990e0,-1.400e0,-1.559e0,...,-1.228e0,-1.851e0,-1.533e0,-1.075e0,-7.096e-1]
[2025-12-12T14:38:27.428Z INFO  debug_tip_state]   measured_value: -3.229182e0
[2025-12-12T14:38:27.429Z INFO  debug_tip_state]   violation_direction: below_lower_bound
[2025-12-12T14:38:27.479Z INFO  debug_tip_state]   read_method: fallback_minimum
[2025-12-12T14:38:27.480Z INFO  debug_tip_state]   tcp_uptime_ms: 65985
[2025-12-12T14:38:27.480Z INFO  debug_tip_state]   method: signal_bounds
[2025-12-12T14:38:27.480Z INFO  debug_tip_state]   relative_distance: 2.229
[2025-12-12T14:38:27.481Z INFO  debug_tip_state]   margin_violation: 1.229182e0
[2025-12-12T14:38:27.481Z INFO  debug_tip_state]   bounds_center: -1.000000e0
[2025-12-12T14:38:27.482Z INFO  debug_tip_state]   signal_index: 76
[2025-12-12T14:38:27.483Z INFO  debug_tip_state]   bounds_upper: 0.000000e0
[2025-12-12T14:38:27.483Z INFO  debug_tip_state]   dataset_size: 1000
[2025-12-12T14:38:27.483Z INFO  debug_tip_state]   execution_timestamp: 2025-12-12T14:38:27.425773500+00:00
[2025-12-12T14:38:27.483Z INFO  debug_tip_state]   within_bounds: false
[2025-12-12T14:38:27.483Z INFO  debug_tip_state]   distance_from_center: 2.229182e0
[2025-12-12T14:38:27.484Z INFO  debug_tip_state]   bounds_width: 2.000000e0
[2025-12-12T14:38:27.484Z INFO  debug_tip_state]   bounds_lower: -2.000000e0
[2025-12-12T14:38:27.485Z INFO  debug_tip_state]   tcp_buffer_frames: 10000
[2025-12-12T14:38:27.485Z INFO  debug_tip_state]   tcp_data_timespan_ms: 4977
[2025-12-12T14:38:27.986Z INFO  debug_tip_state]
    === Iteration 9 ===
[2025-12-12T14:38:27.986Z INFO  debug_tip_state] Executing SafeReposition...
[2025-12-12T14:38:32.102Z INFO  debug_tip_state] Waiting 1s for signal to stabilize...
[2025-12-12T14:38:33.103Z INFO  debug_tip_state] Checking tip state...
[2025-12-12T14:38:33.103Z INFO  rusty_tip::action_driver] ReadStableSignal: Signal 76 (Nanonis) -> TCP channel 19 -> Array position 19
[2025-12-12T14:38:33.104Z INFO  rusty_tip::action_driver] ReadStableSignal: Full TCP channel list: [0, 1, 2, 3, 4, 5, 6, 7, 8, 9, 10, 11, 12, 13, 14, 15, 16, 17, 18, 19, 20, 21, 22, 23]
[2025-12-12T14:38:33.104Z INFO  rusty_tip::action_driver] Collecting 1000 new data points for signal channel 19 with timeout 15.0s
[2025-12-12T14:38:33.411Z INFO  rusty_tip::action_driver] Collecting 1000 new data points for signal channel 19 with timeout 15.0s
[2025-12-12T14:38:33.867Z INFO  rusty_tip::action_driver] Collecting 1000 new data points for signal channel 19 with timeout 15.0s
[2025-12-12T14:38:34.523Z INFO  rusty_tip::action_driver] Collecting 1000 new data points for signal channel 19 with timeout 15.0s
[2025-12-12T14:38:34.727Z WARN  rusty_tip::action_driver] Signal not stable after 4 attempts, returning raw data
[2025-12-12T14:38:34.727Z WARN  rusty_tip::action_driver] CheckTipState: ReadStableSignal failed but returned 1000 raw values, using minimum as fallback
[2025-12-12T14:38:34.728Z INFO  rusty_tip::action_driver] CheckTipState result: shape=Blunt, confidence=0.719, read_method=fallback_minimum, dataset_size=1000, measured_signals=[signal_76=-2.780905e0], recent_stable_data=false
[2025-12-12T14:38:34.728Z INFO  debug_tip_state] Result: shape=Blunt, confidence=0.719, value=-2.780905
[2025-12-12T14:38:34.728Z INFO  debug_tip_state] Statistics: mean=0.000000, std_dev=0.000000, dataset_size=0
[2025-12-12T14:38:34.729Z INFO  debug_tip_state] Raw data sample: N/A
[2025-12-12T14:38:34.729Z INFO  debug_tip_state] Full metadata:
[2025-12-12T14:38:34.729Z INFO  debug_tip_state]   bounds_width: 2.000000e0
[2025-12-12T14:38:34.730Z INFO  debug_tip_state]   signal_index: 76
[2025-12-12T14:38:34.730Z INFO  debug_tip_state]   bounds_center: -1.000000e0
[2025-12-12T14:38:34.731Z INFO  debug_tip_state]   tcp_data_timespan_ms: 4976
[2025-12-12T14:38:34.731Z INFO  debug_tip_state]   raw_dataset_summary: [-1.908e0,-1.182e0,-7.517e-1,-1.710e0,-2.129e0,...,-3.805e-1,-1.587e0,-2.131e0,-1.767e0,-2.208e0]
[2025-12-12T14:38:34.731Z INFO  debug_tip_state]   dataset_size: 1000
[2025-12-12T14:38:34.732Z INFO  debug_tip_state]   read_method: fallback_minimum
[2025-12-12T14:38:34.732Z INFO  debug_tip_state]   method: signal_bounds
[2025-12-12T14:38:34.732Z INFO  debug_tip_state]   margin_violation: 7.809052e-1
[2025-12-12T14:38:34.732Z INFO  debug_tip_state]   distance_from_center: 1.780905e0
[2025-12-12T14:38:34.733Z INFO  debug_tip_state]   within_bounds: false
[2025-12-12T14:38:34.733Z INFO  debug_tip_state]   measured_value: -2.780905e0
[2025-12-12T14:38:34.733Z INFO  debug_tip_state]   violation_direction: below_lower_bound
[2025-12-12T14:38:34.733Z INFO  debug_tip_state]   tcp_buffer_frames: 10000
[2025-12-12T14:38:34.734Z INFO  debug_tip_state]   bounds_lower: -2.000000e0
[2025-12-12T14:38:34.734Z INFO  debug_tip_state]   tcp_buffer_utilization: 1.00
[2025-12-12T14:38:34.734Z INFO  debug_tip_state]   relative_distance: 1.781
[2025-12-12T14:38:34.736Z INFO  debug_tip_state]   tcp_uptime_ms: 73287
[2025-12-12T14:38:34.736Z INFO  debug_tip_state]   execution_timestamp: 2025-12-12T14:38:34.728272100+00:00
[2025-12-12T14:38:34.736Z INFO  debug_tip_state]   bounds_upper: 0.000000e0
[2025-12-12T14:38:35.238Z INFO  debug_tip_state]
    === Iteration 10 ===
[2025-12-12T14:38:35.238Z INFO  debug_tip_state] Executing SafeReposition...
[2025-12-12T14:38:41.327Z INFO  debug_tip_state] Waiting 1s for signal to stabilize...
[2025-12-12T14:38:42.328Z INFO  debug_tip_state] Checking tip state...
[2025-12-12T14:38:42.328Z INFO  rusty_tip::action_driver] ReadStableSignal: Signal 76 (Nanonis) -> TCP channel 19 -> Array position 19
[2025-12-12T14:38:42.328Z INFO  rusty_tip::action_driver] ReadStableSignal: Full TCP channel list: [0, 1, 2, 3, 4, 5, 6, 7, 8, 9, 10, 11, 12, 13, 14, 15, 16, 17, 18, 19, 20, 21, 22, 23]
[2025-12-12T14:38:42.329Z INFO  rusty_tip::action_driver] Collecting 1000 new data points for signal channel 19 with timeout 15.0s
[2025-12-12T14:38:42.634Z INFO  rusty_tip::action_driver] Collecting 1000 new data points for signal channel 19 with timeout 15.0s
[2025-12-12T14:38:43.038Z INFO  rusty_tip::action_driver] Collecting 1000 new data points for signal channel 19 with timeout 15.0s
[2025-12-12T14:38:43.643Z INFO  rusty_tip::action_driver] Collecting 1000 new data points for signal channel 19 with timeout 15.0s
[2025-12-12T14:38:43.847Z WARN  rusty_tip::action_driver] Signal not stable after 4 attempts, returning raw data
[2025-12-12T14:38:43.847Z WARN  rusty_tip::action_driver] CheckTipState: ReadStableSignal failed but returned 1000 raw values, using minimum as fallback
[2025-12-12T14:38:43.848Z INFO  rusty_tip::action_driver] CheckTipState result: shape=Blunt, confidence=0.663, read_method=fallback_minimum, dataset_size=1000, measured_signals=[signal_76=-3.016561e0], recent_stable_data=false
[2025-12-12T14:38:43.848Z INFO  debug_tip_state] Result: shape=Blunt, confidence=0.663, value=-3.016561
[2025-12-12T14:38:43.849Z INFO  debug_tip_state] Statistics: mean=0.000000, std_dev=0.000000, dataset_size=0
[2025-12-12T14:38:43.849Z INFO  debug_tip_state] Raw data sample: N/A
[2025-12-12T14:38:43.849Z INFO  debug_tip_state] Full metadata:
[2025-12-12T14:38:43.849Z INFO  debug_tip_state]   bounds_width: 2.000000e0
[2025-12-12T14:38:43.849Z INFO  debug_tip_state]   read_method: fallback_minimum
[2025-12-12T14:38:43.850Z INFO  debug_tip_state]   distance_from_center: 2.016561e0
[2025-12-12T14:38:43.850Z INFO  debug_tip_state]   relative_distance: 2.017
[2025-12-12T14:38:43.850Z INFO  debug_tip_state]   within_bounds: false
[2025-12-12T14:38:43.850Z INFO  debug_tip_state]   dataset_size: 1000
[2025-12-12T14:38:43.851Z INFO  debug_tip_state]   tcp_buffer_frames: 10000
[2025-12-12T14:38:43.851Z INFO  debug_tip_state]   margin_violation: 1.016561e0
[2025-12-12T14:38:43.851Z INFO  debug_tip_state]   method: signal_bounds
[2025-12-12T14:38:43.851Z INFO  debug_tip_state]   tcp_uptime_ms: 82407
[2025-12-12T14:38:43.851Z INFO  debug_tip_state]   raw_dataset_summary: [-1.092e0,1.601e-1,-1.636e-1,-1.846e0,-2.501e0,...,-1.501e0,-1.481e0,-9.590e-1,-1.456e0,-2.209e0]
[2025-12-12T14:38:43.852Z INFO  debug_tip_state]   violation_direction: below_lower_bound
[2025-12-12T14:38:43.852Z INFO  debug_tip_state]   bounds_center: -1.000000e0
[2025-12-12T14:38:43.852Z INFO  debug_tip_state]   bounds_lower: -2.000000e0
[2025-12-12T14:38:43.852Z INFO  debug_tip_state]   bounds_upper: 0.000000e0
[2025-12-12T14:38:43.852Z INFO  debug_tip_state]   tcp_buffer_utilization: 1.00
[2025-12-12T14:38:43.853Z INFO  debug_tip_state]   measured_value: -3.016561e0
[2025-12-12T14:38:43.853Z INFO  debug_tip_state]   signal_index: 76
[2025-12-12T14:38:43.853Z INFO  debug_tip_state]   tcp_data_timespan_ms: 4977
[2025-12-12T14:38:43.854Z INFO  debug_tip_state]   execution_timestamp: 2025-12-12T14:38:43.848301+00:00
[2025-12-12T14:38:44.356Z INFO  debug_tip_state]
    === Debug Complete ===
[2025-12-12T14:38:44.356Z INFO  debug_tip_state] Data saved to: ./debug_logs\tip_state_debug_20251212_143721.csv
[2025-12-12T14:38:44.356Z INFO  rusty_tip::action_driver] ActionDriver cleanup starting...
[2025-12-12T14:38:44.361Z INFO  rusty_tip::action_driver] Stopped TCP buffering, collected 10000 frames
[2025-12-12T14:38:44.363Z INFO  rusty_tip::action_driver] Performing safe withdrawal...
[2025-12-12T14:38:44.662Z INFO  rusty_tip::action_driver] Safe withdrawal completed
[2025-12-12T14:38:44.663Z INFO  rusty_tip::action_driver] ActionDriver cleanup complete